Options: 1 7 430
Traceback (most recent call last):
  File "/usr/local/python3/lib/python3.6/site-packages/pandas/core/ops.py", line 1012, in na_op
    result = expressions.evaluate(op, str_rep, x, y, **eval_kwargs)
  File "/usr/local/python3/lib/python3.6/site-packages/pandas/core/computation/expressions.py", line 205, in evaluate
    return _evaluate(op, op_str, a, b, **eval_kwargs)
  File "/usr/local/python3/lib/python3.6/site-packages/pandas/core/computation/expressions.py", line 65, in _evaluate_standard
    return op(a, b)
TypeError: unsupported operand type(s) for /: 'str' and 'float'

During handling of the above exception, another exception occurred:

Traceback (most recent call last):
  File "/usr/local/python3/lib/python3.6/site-packages/pandas/core/ops.py", line 1033, in safe_na_op
    return na_op(lvalues, rvalues)
  File "/usr/local/python3/lib/python3.6/site-packages/pandas/core/ops.py", line 1018, in na_op
    result[mask] = op(x[mask], com._values_from_object(y[mask]))
TypeError: unsupported operand type(s) for /: 'str' and 'float'

During handling of the above exception, another exception occurred:

Traceback (most recent call last):
  File "./app/static/program/pooling/libraryPooling.py", line 92, in <module>
    volume = ef.iloc[:, 4] / ef.iloc[:, 12]
  File "/usr/local/python3/lib/python3.6/site-packages/pandas/core/ops.py", line 1069, in wrapper
    result = safe_na_op(lvalues, rvalues)
  File "/usr/local/python3/lib/python3.6/site-packages/pandas/core/ops.py", line 1037, in safe_na_op
    lambda x: op(x, rvalues))
  File "pandas/_libs/algos_common_helper.pxi", line 1212, in pandas._libs.algos.arrmap_object
  File "/usr/local/python3/lib/python3.6/site-packages/pandas/core/ops.py", line 1037, in <lambda>
    lambda x: op(x, rvalues))
TypeError: ufunc 'true_divide' not supported for the input types, and the inputs could not be safely coerced to any supported types according to the casting rule ''safe''
